2025-05-22 22:01:50,669 - INFO - Starting Paper Trading Bot...
2025-05-22 22:06:32,552 - INFO - Starting Paper Trading Bot...
2025-05-22 22:06:32,799 - INFO - Market is closed. Next open: 2025-05-23 09:30:00-04:00
2025-05-22 22:06:47,940 - INFO - Shutting down...
2025-05-22 22:19:33,636 - INFO - Starting Paper Trading Bot...
2025-05-22 22:19:33,917 - INFO - Market is closed. Next open: 2025-05-23 09:30:00-04:00
2025-05-22 22:19:52,183 - INFO - Shutting down...
2025-05-22 22:28:49,794 - INFO - Starting Paper Trading Bot...
2025-05-22 22:28:50,229 - INFO - Market is closed. Next open: 2025-05-23 09:30:00-04:00
2025-05-22 22:28:50,229 - INFO - To run anyway, use test mode: python paper_trading_bot.py --test
2025-05-22 22:28:54,054 - INFO - Shutting down...
2025-05-22 22:28:57,297 - INFO - Starting Paper Trading Bot...
2025-05-22 22:28:57,298 - WARNING - RUNNING IN TEST MODE - Will scan even if market is closed
2025-05-22 22:28:57,298 - WARNING - Note: Price data may be stale outside market hours
2025-05-22 22:28:57,559 - INFO - Market is closed but running in TEST MODE
2025-05-22 22:28:57,560 - INFO - Running scan...
2025-05-22 22:28:57,560 - INFO - Starting market scan...
2025-05-22 22:28:57,972 - INFO - Found 6007 tradable stocks
2025-05-22 22:28:58,229 - ERROR - Error calculating change for ENTG: Invalid format for parameter start: error parsing '2025-05-20T22:28:58.177894' as RFC3339 or 2006-01-02 time: parsing time "2025-05-20T22:28:58.177894": extra text: "T22:28:58.177894"
2025-05-22 22:28:58,230 - ERROR - Error calculating change for ENSG: Invalid format for parameter start: error parsing '2025-05-20T22:28:58.177389' as RFC3339 or 2006-01-02 time: parsing time "2025-05-20T22:28:58.177389": extra text: "T22:28:58.177389"
2025-05-22 22:28:58,235 - ERROR - Error calculating change for ENOR: Invalid format for parameter start: error parsing '2025-05-20T22:28:58.182086' as RFC3339 or 2006-01-02 time: parsing time "2025-05-20T22:28:58.182086": extra text: "T22:28:58.182086"
2025-05-22 22:28:58,235 - ERROR - Error calculating change for ENOV: Invalid format for parameter start: error parsing '2025-05-20T22:28:58.179766' as RFC3339 or 2006-01-02 time: parsing time "2025-05-20T22:28:58.179766": extra text: "T22:28:58.179766"
2025-05-22 22:28:58,235 - ERROR - Error calculating change for ENTA: Invalid format for parameter start: error parsing '2025-05-20T22:28:58.176865' as RFC3339 or 2006-01-02 time: parsing time "2025-05-20T22:28:58.176865": extra text: "T22:28:58.176865"
2025-05-22 22:28:58,236 - ERROR - Error calculating change for ENVA: Invalid format for parameter start: error parsing '2025-05-20T22:28:58.184030' as RFC3339 or 2006-01-02 time: parsing time "2025-05-20T22:28:58.184030": extra text: "T22:28:58.184030"
2025-05-22 22:28:58,236 - ERROR - Error calculating change for ENSC: Invalid format for parameter start: error parsing '2025-05-20T22:28:58.180888' as RFC3339 or 2006-01-02 time: parsing time "2025-05-20T22:28:58.180888": extra text: "T22:28:58.180888"
2025-05-22 22:28:58,238 - ERROR - Error calculating change for ENR: Invalid format for parameter start: error parsing '2025-05-20T22:28:58.182873' as RFC3339 or 2006-01-02 time: parsing time "2025-05-20T22:28:58.182873": extra text: "T22:28:58.182873"
2025-05-22 22:28:58,238 - ERROR - Error calculating change for ENPH: Invalid format for parameter start: error parsing '2025-05-20T22:28:58.175736' as RFC3339 or 2006-01-02 time: parsing time "2025-05-20T22:28:58.175736": extra text: "T22:28:58.175736"
2025-05-22 22:28:58,304 - ERROR - Error calculating change for ENS: Invalid format for parameter start: error parsing '2025-05-20T22:28:58.237111' as RFC3339 or 2006-01-02 time: parsing time "2025-05-20T22:28:58.237111": extra text: "T22:28:58.237111"
2025-05-22 22:28:58,357 - ERROR - Error calculating change for EOLS: Invalid format for parameter start: error parsing '2025-05-20T22:28:58.299289' as RFC3339 or 2006-01-02 time: parsing time "2025-05-20T22:28:58.299289": extra text: "T22:28:58.299289"
2025-05-22 22:28:58,358 - ERROR - Error calculating change for ENVB: Invalid format for parameter start: error parsing '2025-05-20T22:28:58.297894' as RFC3339 or 2006-01-02 time: parsing time "2025-05-20T22:28:58.297894": extra text: "T22:28:58.297894"
2025-05-22 22:28:58,358 - ERROR - Error calculating change for EOS: Invalid format for parameter start: error parsing '2025-05-20T22:28:58.303473' as RFC3339 or 2006-01-02 time: parsing time "2025-05-20T22:28:58.303473": extra text: "T22:28:58.303473"
2025-05-22 22:28:58,358 - ERROR - Error calculating change for EPAM: Invalid format for parameter start: error parsing '2025-05-20T22:28:58.300162' as RFC3339 or 2006-01-02 time: parsing time "2025-05-20T22:28:58.300162": extra text: "T22:28:58.300162"
2025-05-22 22:28:58,359 - ERROR - Error calculating change for ENVX: Invalid format for parameter start: error parsing '2025-05-20T22:28:58.298403' as RFC3339 or 2006-01-02 time: parsing time "2025-05-20T22:28:58.298403": extra text: "T22:28:58.298403"
2025-05-22 22:28:58,361 - ERROR - Error calculating change for EOG: Invalid format for parameter start: error parsing '2025-05-20T22:28:58.302265' as RFC3339 or 2006-01-02 time: parsing time "2025-05-20T22:28:58.302265": extra text: "T22:28:58.302265"
2025-05-22 22:28:58,361 - ERROR - Error calculating change for EOSE: Invalid format for parameter start: error parsing '2025-05-20T22:28:58.301007' as RFC3339 or 2006-01-02 time: parsing time "2025-05-20T22:28:58.301007": extra text: "T22:28:58.301007"
2025-05-22 22:28:58,363 - ERROR - Error calculating change for EPAC: Invalid format for parameter start: error parsing '2025-05-20T22:28:58.304961' as RFC3339 or 2006-01-02 time: parsing time "2025-05-20T22:28:58.304961": extra text: "T22:28:58.304961"
2025-05-22 22:28:58,363 - ERROR - Error calculating change for ENZL: Invalid format for parameter start: error parsing '2025-05-20T22:28:58.301471' as RFC3339 or 2006-01-02 time: parsing time "2025-05-20T22:28:58.301471": extra text: "T22:28:58.301471"
2025-05-22 22:28:58,417 - ERROR - Error calculating change for EPC: Invalid format for parameter start: error parsing '2025-05-20T22:28:58.362525' as RFC3339 or 2006-01-02 time: parsing time "2025-05-20T22:28:58.362525": extra text: "T22:28:58.362525"
2025-05-22 22:28:58,467 - ERROR - Error calculating change for EPHE: Invalid format for parameter start: error parsing '2025-05-20T22:28:58.409905' as RFC3339 or 2006-01-02 time: parsing time "2025-05-20T22:28:58.409905": extra text: "T22:28:58.409905"
2025-05-22 22:28:58,468 - ERROR - Error calculating change for EPD: Invalid format for parameter start: error parsing '2025-05-20T22:28:58.419168' as RFC3339 or 2006-01-02 time: parsing time "2025-05-20T22:28:58.419168": extra text: "T22:28:58.419168"
2025-05-22 22:28:58,468 - ERROR - Error calculating change for EPI: Invalid format for parameter start: error parsing '2025-05-20T22:28:58.418354' as RFC3339 or 2006-01-02 time: parsing time "2025-05-20T22:28:58.418354": extra text: "T22:28:58.418354"
2025-05-22 22:28:58,480 - ERROR - Error calculating change for EPRF: Invalid format for parameter start: error parsing '2025-05-20T22:28:58.427956' as RFC3339 or 2006-01-02 time: parsing time "2025-05-20T22:28:58.427956": extra text: "T22:28:58.427956"
2025-05-22 22:28:58,480 - ERROR - Error calculating change for EPR: Invalid format for parameter start: error parsing '2025-05-20T22:28:58.425780' as RFC3339 or 2006-01-02 time: parsing time "2025-05-20T22:28:58.425780": extra text: "T22:28:58.425780"
2025-05-22 22:28:58,481 - ERROR - Error calculating change for EPRT: Invalid format for parameter start: error parsing '2025-05-20T22:28:58.427062' as RFC3339 or 2006-01-02 time: parsing time "2025-05-20T22:28:58.427062": extra text: "T22:28:58.427062"
2025-05-22 22:28:58,481 - ERROR - Error calculating change for EPP: Invalid format for parameter start: error parsing '2025-05-20T22:28:58.424147' as RFC3339 or 2006-01-02 time: parsing time "2025-05-20T22:28:58.424147": extra text: "T22:28:58.424147"
2025-05-22 22:28:58,482 - ERROR - Error calculating change for EPOL: Invalid format for parameter start: error parsing '2025-05-20T22:28:58.423275' as RFC3339 or 2006-01-02 time: parsing time "2025-05-20T22:28:58.423275": extra text: "T22:28:58.423275"
2025-05-22 22:28:58,488 - ERROR - Error calculating change for EPM: Invalid format for parameter start: error parsing '2025-05-20T22:28:58.424969' as RFC3339 or 2006-01-02 time: parsing time "2025-05-20T22:28:58.424969": extra text: "T22:28:58.424969"
2025-05-22 22:28:58,513 - ERROR - Error calculating change for EPS: Invalid format for parameter start: error parsing '2025-05-20T22:28:58.468997' as RFC3339 or 2006-01-02 time: parsing time "2025-05-20T22:28:58.468997": extra text: "T22:28:58.468997"
2025-05-22 22:28:58,566 - ERROR - Error calculating change for EPV: Invalid format for parameter start: error parsing '2025-05-20T22:28:58.515311' as RFC3339 or 2006-01-02 time: parsing time "2025-05-20T22:28:58.515311": extra text: "T22:28:58.515311"
2025-05-22 22:28:58,567 - ERROR - Error calculating change for EQAL: Invalid format for parameter start: error parsing '2025-05-20T22:28:58.513986' as RFC3339 or 2006-01-02 time: parsing time "2025-05-20T22:28:58.513986": extra text: "T22:28:58.513986"
2025-05-22 22:28:58,567 - ERROR - Error calculating change for EQIX: Invalid format for parameter start: error parsing '2025-05-20T22:28:58.524222' as RFC3339 or 2006-01-02 time: parsing time "2025-05-20T22:28:58.524222": extra text: "T22:28:58.524222"
2025-05-22 22:28:58,568 - ERROR - Error calculating change for EPU: Invalid format for parameter start: error parsing '2025-05-20T22:28:58.516033' as RFC3339 or 2006-01-02 time: parsing time "2025-05-20T22:28:58.516033": extra text: "T22:28:58.516033"
2025-05-22 22:28:58,575 - ERROR - Error calculating change for EQL: Invalid format for parameter start: error parsing '2025-05-20T22:28:58.529967' as RFC3339 or 2006-01-02 time: parsing time "2025-05-20T22:28:58.529967": extra text: "T22:28:58.529967"
2025-05-22 22:28:58,575 - ERROR - Error calculating change for EQNR: Invalid format for parameter start: error parsing '2025-05-20T22:28:58.527781' as RFC3339 or 2006-01-02 time: parsing time "2025-05-20T22:28:58.527781": extra text: "T22:28:58.527781"
2025-05-22 22:28:58,575 - ERROR - Error calculating change for EQBK: Invalid format for parameter start: error parsing '2025-05-20T22:28:58.528497' as RFC3339 or 2006-01-02 time: parsing time "2025-05-20T22:28:58.528497": extra text: "T22:28:58.528497"
2025-05-22 22:28:58,576 - ERROR - Error calculating change for EQR: Invalid format for parameter start: error parsing '2025-05-20T22:28:58.532762' as RFC3339 or 2006-01-02 time: parsing time "2025-05-20T22:28:58.532762": extra text: "T22:28:58.532762"
2025-05-22 22:28:58,576 - ERROR - Error calculating change for EQH: Invalid format for parameter start: error parsing '2025-05-20T22:28:58.529257' as RFC3339 or 2006-01-02 time: parsing time "2025-05-20T22:28:58.529257": extra text: "T22:28:58.529257"
2025-05-22 22:28:58,616 - ERROR - Error calculating change for EQRR: Invalid format for parameter start: error parsing '2025-05-20T22:28:58.568723' as RFC3339 or 2006-01-02 time: parsing time "2025-05-20T22:28:58.568723": extra text: "T22:28:58.568723"
2025-05-22 22:28:58,658 - ERROR - Error calculating change for EQV: Invalid format for parameter start: error parsing '2025-05-20T22:28:58.615173' as RFC3339 or 2006-01-02 time: parsing time "2025-05-20T22:28:58.615173": extra text: "T22:28:58.615173"
2025-05-22 22:28:58,662 - ERROR - Error calculating change for EQT: Invalid format for parameter start: error parsing '2025-05-20T22:28:58.617106' as RFC3339 or 2006-01-02 time: parsing time "2025-05-20T22:28:58.617106": extra text: "T22:28:58.617106"
2025-05-22 22:28:58,662 - ERROR - Error calculating change for EQX: Invalid format for parameter start: error parsing '2025-05-20T22:28:58.620644' as RFC3339 or 2006-01-02 time: parsing time "2025-05-20T22:28:58.620644": extra text: "T22:28:58.620644"
2025-05-22 22:28:58,663 - ERROR - Error calculating change for EQWL: Invalid format for parameter start: error parsing '2025-05-20T22:28:58.620996' as RFC3339 or 2006-01-02 time: parsing time "2025-05-20T22:28:58.620996": extra text: "T22:28:58.620996"
2025-05-22 22:28:58,667 - ERROR - Error calculating change for ERJ: Invalid format for parameter start: error parsing '2025-05-20T22:28:58.627011' as RFC3339 or 2006-01-02 time: parsing time "2025-05-20T22:28:58.627011": extra text: "T22:28:58.627011"
2025-05-22 22:28:58,667 - ERROR - Error calculating change for ERIC: Invalid format for parameter start: error parsing '2025-05-20T22:28:58.623045' as RFC3339 or 2006-01-02 time: parsing time "2025-05-20T22:28:58.623045": extra text: "T22:28:58.623045"
2025-05-22 22:28:58,668 - ERROR - Error calculating change for ERAS: Invalid format for parameter start: error parsing '2025-05-20T22:28:58.626418' as RFC3339 or 2006-01-02 time: parsing time "2025-05-20T22:28:58.626418": extra text: "T22:28:58.626418"
2025-05-22 22:28:58,669 - ERROR - Error calculating change for ERIE: Invalid format for parameter start: error parsing '2025-05-20T22:28:58.624071' as RFC3339 or 2006-01-02 time: parsing time "2025-05-20T22:28:58.624071": extra text: "T22:28:58.624071"
2025-05-22 22:28:58,675 - ERROR - Error calculating change for ERII: Invalid format for parameter start: error parsing '2025-05-20T22:28:58.630991' as RFC3339 or 2006-01-02 time: parsing time "2025-05-20T22:28:58.630991": extra text: "T22:28:58.630991"
2025-05-22 22:28:58,704 - ERROR - Error calculating change for ERO: Invalid format for parameter start: error parsing '2025-05-20T22:28:58.663549' as RFC3339 or 2006-01-02 time: parsing time "2025-05-20T22:28:58.663549": extra text: "T22:28:58.663549"
2025-05-22 22:28:59,316 - ERROR - Error calculating change for ES: Invalid format for parameter start: error parsing '2025-05-20T22:28:59.264551' as RFC3339 or 2006-01-02 time: parsing time "2025-05-20T22:28:59.264551": extra text: "T22:28:59.264551"
2025-05-22 22:28:59,316 - ERROR - Error calculating change for ERY: Invalid format for parameter start: error parsing '2025-05-20T22:28:59.263585' as RFC3339 or 2006-01-02 time: parsing time "2025-05-20T22:28:59.263585": extra text: "T22:28:59.263585"
2025-05-22 22:28:59,319 - ERROR - Error calculating change for ESE: Invalid format for parameter start: error parsing '2025-05-20T22:28:59.266844' as RFC3339 or 2006-01-02 time: parsing time "2025-05-20T22:28:59.266844": extra text: "T22:28:59.266844"
2025-05-22 22:28:59,320 - ERROR - Error calculating change for ERX: Invalid format for parameter start: error parsing '2025-05-20T22:28:59.274558' as RFC3339 or 2006-01-02 time: parsing time "2025-05-20T22:28:59.274558": extra text: "T22:28:59.274558"
2025-05-22 22:28:59,321 - ERROR - Error calculating change for ESGG: Invalid format for parameter start: error parsing '2025-05-20T22:28:59.271259' as RFC3339 or 2006-01-02 time: parsing time "2025-05-20T22:28:59.271259": extra text: "T22:28:59.271259"
2025-05-22 22:28:59,325 - ERROR - Error calculating change for ESAB: Invalid format for parameter start: error parsing '2025-05-20T22:28:59.272720' as RFC3339 or 2006-01-02 time: parsing time "2025-05-20T22:28:59.272720": extra text: "T22:28:59.272720"
2025-05-22 22:28:59,326 - ERROR - Error calculating change for ERTH: Invalid format for parameter start: error parsing '2025-05-20T22:28:59.278160' as RFC3339 or 2006-01-02 time: parsing time "2025-05-20T22:28:59.278160": extra text: "T22:28:59.278160"
2025-05-22 22:28:59,326 - ERROR - Error calculating change for ESG: Invalid format for parameter start: error parsing '2025-05-20T22:28:59.277031' as RFC3339 or 2006-01-02 time: parsing time "2025-05-20T22:28:59.277031": extra text: "T22:28:59.277031"
2025-05-22 22:28:59,327 - ERROR - Error calculating change for ESGE: Invalid format for parameter start: error parsing '2025-05-20T22:28:59.273867' as RFC3339 or 2006-01-02 time: parsing time "2025-05-20T22:28:59.273867": extra text: "T22:28:59.273867"
2025-05-22 22:28:59,327 - ERROR - Error calculating change for ESGD: Invalid format for parameter start: error parsing '2025-05-20T22:28:59.275701' as RFC3339 or 2006-01-02 time: parsing time "2025-05-20T22:28:59.275701": extra text: "T22:28:59.275701"
2025-05-22 22:28:59,410 - ERROR - Error calculating change for ESGU: Invalid format for parameter start: error parsing '2025-05-20T22:28:59.368629' as RFC3339 or 2006-01-02 time: parsing time "2025-05-20T22:28:59.368629": extra text: "T22:28:59.368629"
2025-05-22 22:28:59,417 - ERROR - Error calculating change for ESNT: Invalid format for parameter start: error parsing '2025-05-20T22:28:59.374309' as RFC3339 or 2006-01-02 time: parsing time "2025-05-20T22:28:59.374309": extra text: "T22:28:59.374309"
2025-05-22 22:28:59,418 - ERROR - Error calculating change for ESI: Invalid format for parameter start: error parsing '2025-05-20T22:28:59.375132' as RFC3339 or 2006-01-02 time: parsing time "2025-05-20T22:28:59.375132": extra text: "T22:28:59.375132"
2025-05-22 22:28:59,418 - ERROR - Error calculating change for ESGR: Invalid format for parameter start: error parsing '2025-05-20T22:28:59.370109' as RFC3339 or 2006-01-02 time: parsing time "2025-05-20T22:28:59.370109": extra text: "T22:28:59.370109"
2025-05-22 22:28:59,418 - ERROR - Error calculating change for ESGV: Invalid format for parameter start: error parsing '2025-05-20T22:28:59.371098' as RFC3339 or 2006-01-02 time: parsing time "2025-05-20T22:28:59.371098": extra text: "T22:28:59.371098"
2025-05-22 22:28:59,426 - ERROR - Error calculating change for ESML: Invalid format for parameter start: error parsing '2025-05-20T22:28:59.376501' as RFC3339 or 2006-01-02 time: parsing time "2025-05-20T22:28:59.376501": extra text: "T22:28:59.376501"
2025-05-22 22:28:59,426 - ERROR - Error calculating change for ESLT: Invalid format for parameter start: error parsing '2025-05-20T22:28:59.377473' as RFC3339 or 2006-01-02 time: parsing time "2025-05-20T22:28:59.377473": extra text: "T22:28:59.377473"
2025-05-22 22:28:59,427 - ERROR - Error calculating change for ESQ: Invalid format for parameter start: error parsing '2025-05-20T22:28:59.382719' as RFC3339 or 2006-01-02 time: parsing time "2025-05-20T22:28:59.382719": extra text: "T22:28:59.382719"
2025-05-22 22:28:59,427 - ERROR - Error calculating change for ESPO: Invalid format for parameter start: error parsing '2025-05-20T22:28:59.382283' as RFC3339 or 2006-01-02 time: parsing time "2025-05-20T22:28:59.382283": extra text: "T22:28:59.382283"
2025-05-22 22:28:59,432 - ERROR - Error calculating change for ESPR: Invalid format for parameter start: error parsing '2025-05-20T22:28:59.384261' as RFC3339 or 2006-01-02 time: parsing time "2025-05-20T22:28:59.384261": extra text: "T22:28:59.384261"
2025-05-22 22:28:59,501 - ERROR - Error calculating change for ESRT: Invalid format for parameter start: error parsing '2025-05-20T22:28:59.455695' as RFC3339 or 2006-01-02 time: parsing time "2025-05-20T22:28:59.455695": extra text: "T22:28:59.455695"
2025-05-22 22:28:59,514 - ERROR - Error calculating change for ESTC: Invalid format for parameter start: error parsing '2025-05-20T22:28:59.469477' as RFC3339 or 2006-01-02 time: parsing time "2025-05-20T22:28:59.469477": extra text: "T22:28:59.469477"
2025-05-22 22:28:59,514 - ERROR - Error calculating change for ET: Invalid format for parameter start: error parsing '2025-05-20T22:28:59.468624' as RFC3339 or 2006-01-02 time: parsing time "2025-05-20T22:28:59.468624": extra text: "T22:28:59.468624"
2025-05-22 22:28:59,515 - ERROR - Error calculating change for ESS: Invalid format for parameter start: error parsing '2025-05-20T22:28:59.466937' as RFC3339 or 2006-01-02 time: parsing time "2025-05-20T22:28:59.466937": extra text: "T22:28:59.466937"
2025-05-22 22:28:59,515 - ERROR - Error calculating change for ESTA: Invalid format for parameter start: error parsing '2025-05-20T22:28:59.467793' as RFC3339 or 2006-01-02 time: parsing time "2025-05-20T22:28:59.467793": extra text: "T22:28:59.467793"
2025-05-22 22:28:59,519 - ERROR - Error calculating change for ETHA: Invalid format for parameter start: error parsing '2025-05-20T22:28:59.472004' as RFC3339 or 2006-01-02 time: parsing time "2025-05-20T22:28:59.472004": extra text: "T22:28:59.472004"
2025-05-22 22:28:59,519 - ERROR - Error calculating change for ETH: Invalid format for parameter start: error parsing '2025-05-20T22:28:59.473377' as RFC3339 or 2006-01-02 time: parsing time "2025-05-20T22:28:59.473377": extra text: "T22:28:59.473377"
2025-05-22 22:28:59,520 - ERROR - Error calculating change for ETD: Invalid format for parameter start: error parsing '2025-05-20T22:28:59.470851' as RFC3339 or 2006-01-02 time: parsing time "2025-05-20T22:28:59.470851": extra text: "T22:28:59.470851"
2025-05-22 22:28:59,521 - ERROR - Error calculating change for ETHO: Invalid format for parameter start: error parsing '2025-05-20T22:28:59.477250' as RFC3339 or 2006-01-02 time: parsing time "2025-05-20T22:28:59.477250": extra text: "T22:28:59.477250"
2025-05-22 22:28:59,522 - ERROR - Error calculating change for ETHE: Invalid format for parameter start: error parsing '2025-05-20T22:28:59.476515' as RFC3339 or 2006-01-02 time: parsing time "2025-05-20T22:28:59.476515": extra text: "T22:28:59.476515"
2025-05-22 22:28:59,593 - ERROR - Error calculating change for ETHV: Invalid format for parameter start: error parsing '2025-05-20T22:28:59.551637' as RFC3339 or 2006-01-02 time: parsing time "2025-05-20T22:28:59.551637": extra text: "T22:28:59.551637"
2025-05-22 22:28:59,610 - ERROR - Error calculating change for ETHW: Invalid format for parameter start: error parsing '2025-05-20T22:28:59.565597' as RFC3339 or 2006-01-02 time: parsing time "2025-05-20T22:28:59.565597": extra text: "T22:28:59.565597"
2025-05-22 22:28:59,610 - ERROR - Error calculating change for ETON: Invalid format for parameter start: error parsing '2025-05-20T22:28:59.564684' as RFC3339 or 2006-01-02 time: parsing time "2025-05-20T22:28:59.564684": extra text: "T22:28:59.564684"
2025-05-22 22:28:59,611 - ERROR - Error calculating change for ETN: Invalid format for parameter start: error parsing '2025-05-20T22:28:59.561603' as RFC3339 or 2006-01-02 time: parsing time "2025-05-20T22:28:59.561603": extra text: "T22:28:59.561603"
2025-05-22 22:28:59,611 - ERROR - Error calculating change for ETR: Invalid format for parameter start: error parsing '2025-05-20T22:28:59.563770' as RFC3339 or 2006-01-02 time: parsing time "2025-05-20T22:28:59.563770": extra text: "T22:28:59.563770"
2025-05-22 22:28:59,611 - ERROR - Error calculating change for EU: Invalid format for parameter start: error parsing '2025-05-20T22:28:59.572540' as RFC3339 or 2006-01-02 time: parsing time "2025-05-20T22:28:59.572540": extra text: "T22:28:59.572540"
2025-05-22 22:28:59,613 - ERROR - Error calculating change for ETWO: Invalid format for parameter start: error parsing '2025-05-20T22:28:59.571522' as RFC3339 or 2006-01-02 time: parsing time "2025-05-20T22:28:59.571522": extra text: "T22:28:59.571522"
2025-05-22 22:28:59,613 - ERROR - Error calculating change for ETNB: Invalid format for parameter start: error parsing '2025-05-20T22:28:59.567398' as RFC3339 or 2006-01-02 time: parsing time "2025-05-20T22:28:59.567398": extra text: "T22:28:59.567398"
2025-05-22 22:28:59,614 - ERROR - Error calculating change for ETSY: Invalid format for parameter start: error parsing '2025-05-20T22:28:59.571128' as RFC3339 or 2006-01-02 time: parsing time "2025-05-20T22:28:59.571128": extra text: "T22:28:59.571128"
2025-05-22 22:28:59,621 - ERROR - Error calculating change for EUDG: Invalid format for parameter start: error parsing '2025-05-20T22:28:59.583259' as RFC3339 or 2006-01-02 time: parsing time "2025-05-20T22:28:59.583259": extra text: "T22:28:59.583259"
2025-05-22 22:28:59,677 - ERROR - Error calculating change for EUFN: Invalid format for parameter start: error parsing '2025-05-20T22:28:59.635296' as RFC3339 or 2006-01-02 time: parsing time "2025-05-20T22:28:59.635296": extra text: "T22:28:59.635296"
2025-05-22 22:28:59,696 - ERROR - Error calculating change for EUM: Invalid format for parameter start: error parsing '2025-05-20T22:28:59.653113' as RFC3339 or 2006-01-02 time: parsing time "2025-05-20T22:28:59.653113": extra text: "T22:28:59.653113"
2025-05-22 22:28:59,711 - ERROR - Error calculating change for EVCM: Invalid format for parameter start: error parsing '2025-05-20T22:28:59.667084' as RFC3339 or 2006-01-02 time: parsing time "2025-05-20T22:28:59.667084": extra text: "T22:28:59.667084"
2025-05-22 22:28:59,712 - ERROR - Error calculating change for EVER: Invalid format for parameter start: error parsing '2025-05-20T22:28:59.661207' as RFC3339 or 2006-01-02 time: parsing time "2025-05-20T22:28:59.661207": extra text: "T22:28:59.661207"
2025-05-22 22:28:59,712 - ERROR - Error calculating change for EVEX: Invalid format for parameter start: error parsing '2025-05-20T22:28:59.664556' as RFC3339 or 2006-01-02 time: parsing time "2025-05-20T22:28:59.664556": extra text: "T22:28:59.664556"
2025-05-22 22:28:59,712 - ERROR - Error calculating change for EUSC: Invalid format for parameter start: error parsing '2025-05-20T22:28:59.665450' as RFC3339 or 2006-01-02 time: parsing time "2025-05-20T22:28:59.665450": extra text: "T22:28:59.665450"
2025-05-22 22:28:59,713 - ERROR - Error calculating change for EVGO: Invalid format for parameter start: error parsing '2025-05-20T22:28:59.663006' as RFC3339 or 2006-01-02 time: parsing time "2025-05-20T22:28:59.663006": extra text: "T22:28:59.663006"
2025-05-22 22:28:59,713 - ERROR - Error calculating change for EUSA: Invalid format for parameter start: error parsing '2025-05-20T22:28:59.661929' as RFC3339 or 2006-01-02 time: parsing time "2025-05-20T22:28:59.661929": extra text: "T22:28:59.661929"
2025-05-22 22:28:59,713 - ERROR - Error calculating change for EVC: Invalid format for parameter start: error parsing '2025-05-20T22:28:59.663368' as RFC3339 or 2006-01-02 time: parsing time "2025-05-20T22:28:59.663368": extra text: "T22:28:59.663368"
2025-05-22 22:28:59,713 - ERROR - Error calculating change for EUSB: Invalid format for parameter start: error parsing '2025-05-20T22:28:59.662627' as RFC3339 or 2006-01-02 time: parsing time "2025-05-20T22:28:59.662627": extra text: "T22:28:59.662627"
2025-05-22 22:29:00,294 - WARNING - sleep 3 seconds and retrying https://data.alpaca.markets/v2/stocks/EVH/trades/latest 3 more time(s)...
2025-05-22 22:29:00,296 - WARNING - sleep 3 seconds and retrying https://data.alpaca.markets/v2/stocks/EVLV/trades/latest 3 more time(s)...
2025-05-22 22:29:00,299 - WARNING - sleep 3 seconds and retrying https://data.alpaca.markets/v2/stocks/EVV/trades/latest 3 more time(s)...
2025-05-22 22:29:00,332 - WARNING - sleep 3 seconds and retrying https://data.alpaca.markets/v2/stocks/EVTL/bars 3 more time(s)...
2025-05-22 22:29:00,344 - WARNING - sleep 3 seconds and retrying https://data.alpaca.markets/v2/stocks/EVRG/bars 3 more time(s)...
2025-05-22 22:29:00,347 - WARNING - sleep 3 seconds and retrying https://data.alpaca.markets/v2/stocks/EVRI/bars 3 more time(s)...
2025-05-22 22:29:00,347 - WARNING - sleep 3 seconds and retrying https://data.alpaca.markets/v2/stocks/EVO/bars 3 more time(s)...
2025-05-22 22:29:00,348 - WARNING - sleep 3 seconds and retrying https://data.alpaca.markets/v2/stocks/EVR/bars 3 more time(s)...
2025-05-22 22:29:00,348 - WARNING - sleep 3 seconds and retrying https://data.alpaca.markets/v2/stocks/EVTC/bars 3 more time(s)...
2025-05-22 22:29:00,348 - WARNING - sleep 3 seconds and retrying https://data.alpaca.markets/v2/stocks/EVLN/bars 3 more time(s)...
2025-05-22 22:29:03,383 - ERROR - Error calculating change for EVTL: Invalid format for parameter start: error parsing '2025-05-20T22:29:00.284731' as RFC3339 or 2006-01-02 time: parsing time "2025-05-20T22:29:00.284731": extra text: "T22:29:00.284731"
2025-05-22 22:29:03,402 - ERROR - Error calculating change for EVR: Invalid format for parameter start: error parsing '2025-05-20T22:29:00.292687' as RFC3339 or 2006-01-02 time: parsing time "2025-05-20T22:29:00.292687": extra text: "T22:29:00.292687"
2025-05-22 22:29:03,407 - ERROR - Error calculating change for EVTC: Invalid format for parameter start: error parsing '2025-05-20T22:29:00.294665' as RFC3339 or 2006-01-02 time: parsing time "2025-05-20T22:29:00.294665": extra text: "T22:29:00.294665"
2025-05-22 22:29:03,408 - ERROR - Error calculating change for EVLN: Invalid format for parameter start: error parsing '2025-05-20T22:29:00.295779' as RFC3339 or 2006-01-02 time: parsing time "2025-05-20T22:29:00.295779": extra text: "T22:29:00.295779"
2025-05-22 22:29:03,408 - ERROR - Error calculating change for EVRG: Invalid format for parameter start: error parsing '2025-05-20T22:29:00.291090' as RFC3339 or 2006-01-02 time: parsing time "2025-05-20T22:29:00.291090": extra text: "T22:29:00.291090"
2025-05-22 22:29:03,409 - ERROR - Error calculating change for EVO: Invalid format for parameter start: error parsing '2025-05-20T22:29:00.298282' as RFC3339 or 2006-01-02 time: parsing time "2025-05-20T22:29:00.298282": extra text: "T22:29:00.298282"
2025-05-22 22:29:03,409 - ERROR - Error calculating change for EVRI: Invalid format for parameter start: error parsing '2025-05-20T22:29:00.290344' as RFC3339 or 2006-01-02 time: parsing time "2025-05-20T22:29:00.290344": extra text: "T22:29:00.290344"
2025-05-22 22:29:03,421 - WARNING - sleep 3 seconds and retrying https://data.alpaca.markets/v2/stocks/EVV/bars 3 more time(s)...
2025-05-22 22:29:03,421 - WARNING - sleep 3 seconds and retrying https://data.alpaca.markets/v2/stocks/EVLV/bars 3 more time(s)...
2025-05-22 22:29:03,425 - WARNING - sleep 3 seconds and retrying https://data.alpaca.markets/v2/stocks/EVH/bars 3 more time(s)...
2025-05-22 22:29:03,425 - WARNING - sleep 3 seconds and retrying https://data.alpaca.markets/v2/stocks/EVX/trades/latest 3 more time(s)...
2025-05-22 22:29:03,450 - WARNING - sleep 3 seconds and retrying https://data.alpaca.markets/v2/stocks/EW/trades/latest 3 more time(s)...
2025-05-22 22:29:03,463 - WARNING - sleep 3 seconds and retrying https://data.alpaca.markets/v2/stocks/EWBC/trades/latest 3 more time(s)...
2025-05-22 22:29:03,463 - WARNING - sleep 3 seconds and retrying https://data.alpaca.markets/v2/stocks/EWG/trades/latest 3 more time(s)...
2025-05-22 22:29:03,463 - WARNING - sleep 3 seconds and retrying https://data.alpaca.markets/v2/stocks/EWCZ/trades/latest 3 more time(s)...
2025-05-22 22:29:03,464 - WARNING - sleep 3 seconds and retrying https://data.alpaca.markets/v2/stocks/EWC/trades/latest 3 more time(s)...
2025-05-22 22:29:03,464 - WARNING - sleep 3 seconds and retrying https://data.alpaca.markets/v2/stocks/EWA/trades/latest 3 more time(s)...
2025-05-22 22:29:06,496 - ERROR - Error calculating change for EVV: Invalid format for parameter start: error parsing '2025-05-20T22:29:03.367667' as RFC3339 or 2006-01-02 time: parsing time "2025-05-20T22:29:03.367667": extra text: "T22:29:03.367667"
2025-05-22 22:29:06,497 - ERROR - Error calculating change for EVLV: Invalid format for parameter start: error parsing '2025-05-20T22:29:03.370550' as RFC3339 or 2006-01-02 time: parsing time "2025-05-20T22:29:03.370550": extra text: "T22:29:03.370550"
2025-05-22 22:29:06,500 - ERROR - Error calculating change for EVH: Invalid format for parameter start: error parsing '2025-05-20T22:29:03.369148' as RFC3339 or 2006-01-02 time: parsing time "2025-05-20T22:29:03.369148": extra text: "T22:29:03.369148"
2025-05-22 22:29:06,549 - WARNING - sleep 3 seconds and retrying https://data.alpaca.markets/v2/stocks/EW/bars 3 more time(s)...
2025-05-22 22:29:06,554 - WARNING - sleep 3 seconds and retrying https://data.alpaca.markets/v2/stocks/EWJ/trades/latest 3 more time(s)...
2025-05-22 22:29:06,554 - WARNING - sleep 3 seconds and retrying https://data.alpaca.markets/v2/stocks/EVX/bars 3 more time(s)...
2025-05-22 22:29:06,555 - WARNING - sleep 3 seconds and retrying https://data.alpaca.markets/v2/stocks/EWH/trades/latest 3 more time(s)...
2025-05-22 22:29:06,557 - WARNING - sleep 3 seconds and retrying https://data.alpaca.markets/v2/stocks/EWI/trades/latest 3 more time(s)...
2025-05-22 22:29:06,562 - WARNING - sleep 3 seconds and retrying https://data.alpaca.markets/v2/stocks/EWC/bars 3 more time(s)...
2025-05-22 22:29:06,583 - WARNING - sleep 3 seconds and retrying https://data.alpaca.markets/v2/stocks/EWA/bars 3 more time(s)...
2025-05-22 22:29:06,583 - WARNING - sleep 3 seconds and retrying https://data.alpaca.markets/v2/stocks/EWG/bars 3 more time(s)...
2025-05-22 22:29:06,584 - WARNING - sleep 3 seconds and retrying https://data.alpaca.markets/v2/stocks/EWBC/bars 3 more time(s)...
2025-05-22 22:29:06,584 - WARNING - sleep 3 seconds and retrying https://data.alpaca.markets/v2/stocks/EWCZ/bars 3 more time(s)...
2025-05-22 22:29:08,586 - INFO - Shutting down...
2025-05-22 22:29:09,704 - ERROR - Error calculating change for EW: Invalid format for parameter start: error parsing '2025-05-20T22:29:06.503449' as RFC3339 or 2006-01-02 time: parsing time "2025-05-20T22:29:06.503449": extra text: "T22:29:06.503449"
2025-05-22 22:29:09,709 - ERROR - Error calculating change for EWC: Invalid format for parameter start: error parsing '2025-05-20T22:29:06.516265' as RFC3339 or 2006-01-02 time: parsing time "2025-05-20T22:29:06.516265": extra text: "T22:29:06.516265"
2025-05-22 22:29:09,710 - ERROR - Error calculating change for EVX: Invalid format for parameter start: error parsing '2025-05-20T22:29:06.498045' as RFC3339 or 2006-01-02 time: parsing time "2025-05-20T22:29:06.498045": extra text: "T22:29:06.498045"
2025-05-22 22:29:09,736 - ERROR - Error calculating change for EWCZ: Invalid format for parameter start: error parsing '2025-05-20T22:29:06.528805' as RFC3339 or 2006-01-02 time: parsing time "2025-05-20T22:29:06.528805": extra text: "T22:29:06.528805"
2025-05-22 22:29:09,738 - ERROR - Error calculating change for EWA: Invalid format for parameter start: error parsing '2025-05-20T22:29:06.526533' as RFC3339 or 2006-01-02 time: parsing time "2025-05-20T22:29:06.526533": extra text: "T22:29:06.526533"
2025-05-22 22:29:09,738 - ERROR - Error calculating change for EWBC: Invalid format for parameter start: error parsing '2025-05-20T22:29:06.524577' as RFC3339 or 2006-01-02 time: parsing time "2025-05-20T22:29:06.524577": extra text: "T22:29:06.524577"
2025-05-22 22:29:09,750 - WARNING - sleep 3 seconds and retrying https://data.alpaca.markets/v2/stocks/EWI/bars 3 more time(s)...
2025-05-22 22:29:09,751 - WARNING - sleep 3 seconds and retrying https://data.alpaca.markets/v2/stocks/EWG/bars 2 more time(s)...
2025-05-22 22:29:09,754 - ERROR - Error calculating change for EWH: Invalid format for parameter start: error parsing '2025-05-20T22:29:09.704591' as RFC3339 or 2006-01-02 time: parsing time "2025-05-20T22:29:09.704591": extra text: "T22:29:09.704591"
2025-05-22 22:29:09,759 - WARNING - sleep 3 seconds and retrying https://data.alpaca.markets/v2/stocks/EWK/trades/latest 3 more time(s)...
2025-05-22 22:29:09,760 - WARNING - sleep 3 seconds and retrying https://data.alpaca.markets/v2/stocks/EWJ/bars 3 more time(s)...
2025-05-22 22:29:09,760 - WARNING - sleep 3 seconds and retrying https://data.alpaca.markets/v2/stocks/EWL/trades/latest 3 more time(s)...
2025-05-22 22:29:09,786 - WARNING - sleep 3 seconds and retrying https://data.alpaca.markets/v2/stocks/EWN/trades/latest 3 more time(s)...
2025-05-22 22:29:09,786 - WARNING - sleep 3 seconds and retrying https://data.alpaca.markets/v2/stocks/EWM/trades/latest 3 more time(s)...
2025-05-22 22:29:09,790 - WARNING - sleep 3 seconds and retrying https://data.alpaca.markets/v2/stocks/EWO/trades/latest 3 more time(s)...
2025-05-22 22:29:09,792 - WARNING - sleep 3 seconds and retrying https://data.alpaca.markets/v2/stocks/EWJV/bars 3 more time(s)...
2025-05-22 22:29:09,799 - WARNING - sleep 3 seconds and retrying https://data.alpaca.markets/v2/stocks/EWP/trades/latest 3 more time(s)...
2025-05-22 22:32:53,477 - INFO - Starting Paper Trading Bot...
2025-05-22 22:32:53,477 - WARNING - RUNNING IN TEST MODE - Will scan even if market is closed
2025-05-22 22:32:53,477 - WARNING - Note: Price data may be stale outside market hours
2025-05-22 22:32:53,687 - INFO - Market is closed but running in TEST MODE
2025-05-22 22:32:53,687 - INFO - Running scan...
2025-05-22 22:32:53,687 - INFO - Starting market scan...
2025-05-22 22:32:54,093 - INFO - Found 6007 tradable stocks
2025-05-22 22:32:54,093 - INFO - Test mode: Limiting to first 100 stocks
2025-05-22 22:33:00,285 - INFO - Market scan completed
2025-05-22 22:33:00,286 - INFO - Portfolio Value: $0.00
2025-05-22 22:33:00,286 - INFO - Active Positions: 0
2025-05-22 22:34:06,287 - INFO - Shutting down...
2025-05-22 22:36:35,629 - INFO - Starting Paper Trading Bot...
2025-05-22 22:36:35,629 - WARNING - RUNNING IN TEST MODE - Will scan even if market is closed
2025-05-22 22:36:35,629 - WARNING - Note: Price data may be stale outside market hours
2025-05-22 22:36:35,899 - INFO - Market is closed but running in TEST MODE
2025-05-22 22:36:35,899 - INFO - Running scan...
2025-05-22 22:36:35,900 - INFO - Starting market scan...
2025-05-22 22:36:36,309 - INFO - Found 6007 tradable stocks
2025-05-22 22:36:36,309 - INFO - Test mode: Limiting to first 100 stocks
2025-05-22 22:36:42,594 - INFO - Market scan completed
2025-05-22 22:36:42,596 - INFO - Portfolio Value: $0.00
2025-05-22 22:36:42,596 - INFO - Active Positions: 0
2025-05-22 22:37:02,937 - INFO - Shutting down...
2025-05-22 22:37:07,359 - INFO - Starting Paper Trading Bot...
2025-05-22 22:37:07,359 - WARNING - RUNNING IN TEST MODE - Will scan even if market is closed
2025-05-22 22:37:07,359 - WARNING - Note: Price data may be stale outside market hours
2025-05-22 22:37:07,557 - INFO - Market is closed but running in TEST MODE
2025-05-22 22:37:07,557 - INFO - Running scan...
2025-05-22 22:37:07,557 - INFO - Starting market scan...
2025-05-22 22:37:07,993 - INFO - Found 6007 tradable stocks
2025-05-22 22:37:07,993 - INFO - Test mode: Limiting to first 100 stocks
2025-05-22 22:37:14,225 - INFO - Market scan completed
2025-05-22 22:37:14,228 - INFO - Portfolio Value: $0.00
2025-05-22 22:37:14,228 - INFO - Active Positions: 0
2025-05-22 22:37:49,078 - INFO - Shutting down...
2025-05-22 22:42:44,462 - INFO - Using NORMAL THRESHOLDS: Buy at -5%, Sell at +5%
2025-05-22 22:42:44,464 - INFO - Starting Paper Trading Bot...
2025-05-22 22:42:44,465 - WARNING - RUNNING IN TEST MODE - Will scan even if market is closed
2025-05-22 22:42:44,465 - WARNING - Note: Price data may be stale outside market hours
2025-05-22 22:42:44,653 - INFO - Market is closed but running in TEST MODE
2025-05-22 22:42:44,653 - INFO - Running scan...
2025-05-22 22:42:44,653 - INFO - Starting market scan...
2025-05-22 22:42:45,040 - INFO - Found 6007 tradable stocks
2025-05-22 22:42:45,040 - INFO - Test mode: Limiting to first 100 stocks
2025-05-22 22:42:45,373 - INFO - Progress: 20/100 stocks processed...
2025-05-22 22:42:46,598 - INFO - Progress: 40/100 stocks processed...
2025-05-22 22:42:47,817 - INFO - Progress: 60/100 stocks processed...
2025-05-22 22:42:49,053 - INFO - Progress: 80/100 stocks processed...
2025-05-22 22:42:50,262 - INFO - Progress: 100/100 stocks processed...
2025-05-22 22:42:51,268 - INFO - Market scan completed: 100 stocks processed
2025-05-22 22:42:51,271 - INFO - Portfolio Value: $0.00
2025-05-22 22:42:51,271 - INFO - Active Positions: 0
2025-05-22 22:42:55,833 - INFO - Shutting down...
2025-05-22 22:43:05,690 - INFO - Using TEST THRESHOLDS: Buy at -2%, Sell at +2%
2025-05-22 22:43:05,692 - INFO - Starting Paper Trading Bot...
2025-05-22 22:43:05,692 - WARNING - RUNNING IN TEST MODE - Will scan even if market is closed
2025-05-22 22:43:05,692 - WARNING - Note: Price data may be stale outside market hours
2025-05-22 22:43:06,001 - INFO - Market is closed but running in TEST MODE
2025-05-22 22:43:06,002 - INFO - Running scan...
2025-05-22 22:43:06,002 - INFO - Starting market scan...
2025-05-22 22:43:06,417 - INFO - Found 6007 tradable stocks
2025-05-22 22:43:06,417 - INFO - Test mode: Limiting to first 100 stocks
2025-05-22 22:43:06,724 - INFO - Progress: 20/100 stocks processed...
2025-05-22 22:43:07,952 - INFO - Progress: 40/100 stocks processed...
2025-05-22 22:43:09,205 - INFO - Progress: 60/100 stocks processed...
2025-05-22 22:43:10,450 - INFO - Progress: 80/100 stocks processed...
2025-05-22 22:43:11,703 - INFO - Progress: 100/100 stocks processed...
2025-05-22 22:43:12,709 - INFO - Market scan completed: 100 stocks processed
2025-05-22 22:43:12,711 - INFO - Portfolio Value: $0.00
2025-05-22 22:43:12,712 - INFO - Active Positions: 0
2025-05-22 22:48:12,866 - INFO - Market is closed but running in TEST MODE
2025-05-22 22:48:12,867 - INFO - Running scan...
2025-05-22 22:48:12,867 - INFO - Starting market scan...
2025-05-22 22:48:13,268 - INFO - Found 6007 tradable stocks
2025-05-22 22:48:13,268 - INFO - Test mode: Limiting to first 100 stocks
2025-05-22 22:48:13,582 - INFO - Progress: 20/100 stocks processed...
2025-05-22 22:48:14,820 - INFO - Progress: 40/100 stocks processed...
2025-05-22 22:48:16,042 - INFO - Progress: 60/100 stocks processed...
2025-05-22 22:48:17,298 - INFO - Progress: 80/100 stocks processed...
2025-05-22 22:48:18,531 - INFO - Progress: 100/100 stocks processed...
2025-05-22 22:48:19,537 - INFO - Market scan completed: 100 stocks processed
2025-05-22 22:48:19,538 - INFO - Portfolio Value: $0.00
2025-05-22 22:48:19,539 - INFO - Active Positions: 0
2025-05-22 22:48:38,577 - INFO - Shutting down...
